1 verbose cli [ 'node',
1 verbose cli   '/Users/anniecook/.nvm/versions/node/v0.12.4/bin/npm',
1 verbose cli   'run',
1 verbose cli   'rebuild-leveldb' ]
2 info using npm@2.12.0
3 info using node@v0.12.4
4 verbose stack Error: missing script: rebuild-leveldb
4 verbose stack     at run (/Users/anniecook/.nvm/versions/node/v0.12.4/lib/node_modules/npm/lib/run-script.js:142:19)
4 verbose stack     at /Users/anniecook/.nvm/versions/node/v0.12.4/lib/node_modules/npm/lib/run-script.js:58:5
4 verbose stack     at /Users/anniecook/.nvm/versions/node/v0.12.4/lib/node_modules/npm/node_modules/read-package-json/read-json.js:345:5
4 verbose stack     at checkBinReferences_ (/Users/anniecook/.nvm/versions/node/v0.12.4/lib/node_modules/npm/node_modules/read-package-json/read-json.js:309:45)
4 verbose stack     at final (/Users/anniecook/.nvm/versions/node/v0.12.4/lib/node_modules/npm/node_modules/read-package-json/read-json.js:343:3)
4 verbose stack     at then (/Users/anniecook/.nvm/versions/node/v0.12.4/lib/node_modules/npm/node_modules/read-package-json/read-json.js:113:5)
4 verbose stack     at /Users/anniecook/.nvm/versions/node/v0.12.4/lib/node_modules/npm/node_modules/read-package-json/read-json.js:300:12
4 verbose stack     at evalmachine.<anonymous>:334:14
4 verbose stack     at /Users/anniecook/.nvm/versions/node/v0.12.4/lib/node_modules/npm/node_modules/graceful-fs/graceful-fs.js:102:5
4 verbose stack     at FSReqWrap.oncomplete (evalmachine.<anonymous>:95:15)
5 verbose cwd /Users/anniecook/Fullstack/silhouette
6 error Darwin 14.4.0
7 error argv "node" "/Users/anniecook/.nvm/versions/node/v0.12.4/bin/npm" "run" "rebuild-leveldb"
8 error node v0.12.4
9 error npm  v2.12.0
10 error missing script: rebuild-leveldb
11 error If you need help, you may report this error at:
11 error     <https://github.com/npm/npm/issues>
12 verbose exit [ 1, true ]

