0 info it worked if it ends with ok
1 verbose cli [ '/Users/chancecard88/.nvm/v0.11.13/bin/node',
1 verbose cli   '/Users/chancecard88/.nvm/v0.11.13/bin/npm',
1 verbose cli   'start' ]
2 info using npm@1.4.9
3 info using node@v0.11.13
4 error Error: ENOENT, open '/Users/chancecard88/silhouette/db/package.json'
4 error     at Error (native)
5 error If you need help, you may report this *entire* log,
5 error including the npm and node versions, at:
5 error     <http://github.com/npm/npm/issues>
6 error System Darwin 14.1.0
7 error command "/Users/chancecard88/.nvm/v0.11.13/bin/node" "/Users/chancecard88/.nvm/v0.11.13/bin/npm" "start"
8 error cwd /Users/chancecard88/silhouette/db
9 error node -v v0.11.13
10 error npm -v 1.4.9
11 error path /Users/chancecard88/silhouette/db/package.json
12 error code ENOENT
13 error errno -2
14 verbose exit [ -2, true ]
